error: Error message
fatal: Fatal message
error: Error message
fatal: Fatal message
error: undefined
error: undefined
error: undefined
error: undefined
error: undefined
error: undefined
error: undefined
error: undefined
error: undefined
error: undefined
error: Error during user registration: users validation failed: role: Path `role` is required. {"_message":"users validation failed","errors":{"role":{"kind":"required","message":"Path `role` is required.","name":"ValidatorError","path":"role","properties":{"message":"Path `role` is required.","path":"role","type":"required","value":""},"value":""}},"stack":"ValidationError: users validation failed: role: Path `role` is required.\n    at Document.invalidate (C:\\Users\\Usuario\\Desktop\\Entregas\\node_modules\\mongoose\\lib\\document.js:3187:32)\n    at C:\\Users\\Usuario\\Desktop\\Entregas\\node_modules\\mongoose\\lib\\document.js:2980:17\n    at C:\\Users\\Usuario\\Desktop\\Entregas\\node_modules\\mongoose\\lib\\schemaType.js:1368:9\n    at process.processTicksAndRejections (node:internal/process/task_queues:77:11)"}
error: undefined
error: undefined
error: undefined
error: undefined
error: undefined
error: undefined
error: undefined
error: undefined
error: undefined
error: undefined
error: undefined {"kind":"ObjectId","path":"_id","reason":{},"stringValue":"\"styles.css\"","value":"styles.css","valueType":"string"}
error: Unexpected field {"code":"LIMIT_UNEXPECTED_FILE","field":"profile","name":"MulterError","storageErrors":[]}
error: undefined {"code":"ENOENT","errno":-4058,"path":"C:\\Users\\Usuario\\Desktop\\Entregas\\src\\uploads\\profiles\\6634150f5926347a207b732e-1714834181586-Adapunk.png","storageErrors":[],"syscall":"open"}
error: undefined {"code":"ENOENT","errno":-4058,"path":"C:\\Users\\Usuario\\Desktop\\Entregas\\src\\utils\\public\\uploads\\profiles\\6634150f5926347a207b732e-1714835119453-Adapunk.png","storageErrors":[],"syscall":"open"}
error: undefined {"code":"ENOENT","errno":-4058,"path":"C:\\Users\\Usuario\\Desktop\\Entregas\\src\\utils\\public\\uploads\\profiles\\6634150f5926347a207b732e-1714835258819-Adapunk.png","storageErrors":[],"syscall":"open"}
error: undefined {"code":"ENOENT","errno":-4058,"path":"C:\\Users\\Usuario\\Desktop\\Entregas\\public\\uploads\\profiles\\6634150f5926347a207b732e-1714835568848-Adapunk.png","storageErrors":[],"syscall":"open"}
